<?xml version="1.0" encoding="UTF-8"?>
<!-- Generated by org.testng.reporters.JUnitReportReporter -->
<testsuite hostname="DESKTOP-79Q8GK8" failures="0" tests="3" name="testPackage.TestClass" time="12.662" errors="0" timestamp="2023-10-29T23:22:00 EET" skipped="0">
  <testcase classname="testPackage.TestClass" name="checkThatResultStatsIsNotEmpty" time="4.856"/>
  <system-out/>
  <testcase classname="testPackage.TestClass" name="checkPageTitle" time="1.792"/>
  <system-out/>
  <testcase classname="testPackage.TestClass" name="checkThatGoogleLogoIsDisplayed" time="6.014"/>
  <system-out/>
</testsuite> <!-- testPackage.TestClass -->
