<?xml version="1.0" encoding="UTF-8"?>
<!-- Generated by org.testng.reporters.JUnitReportReporter -->
<testsuite hostname="DESKTOP-16RT7DI" failures="0" tests="1" name="workshopTasks.W3schools" time="5.085" errors="0" timestamp="2022-04-02T13:43:17 EET" skipped="0">
  <testcase classname="workshopTasks.W3schools" name="checkThatTheCorrectCountryIsDisplayed" time="5.085"/>
  <system-out/>
</testsuite> <!-- workshopTasks.W3schools -->
